<?xml version="1.0" encoding="UTF-8"?>
<!-- Generated by org.testng.reporters.JUnitReportReporter -->
<testsuite hostname="LAPTOP-6628VBM4" failures="0" tests="3" name="com.crm.qa.testcases.HomePageTest" time="61.514" errors="0" timestamp="2025-01-19T16:03:58 CET" skipped="0">
  <testcase classname="com.crm.qa.testcases.HomePageTest" name="verifyHomePageTitle" time="19.180"/>
  <system-out/>
  <testcase classname="com.crm.qa.testcases.HomePageTest" name="verifyUserNameIsdDisplayed" time="19.066"/>
  <system-out/>
  <testcase classname="com.crm.qa.testcases.HomePageTest" name="verifyContactsLink" time="23.268"/>
  <system-out/>
</testsuite> <!-- com.crm.qa.testcases.HomePageTest -->
