<?xml version="1.0" encoding="UTF-8"?>
<!-- Generated by org.testng.reporters.JUnitReportReporter -->
<testsuite hostname="LAPTOP-6628VBM4" failures="0" tests="3" name="com.crm.qa.testcases.LoginPageTest" time="37.720" errors="0" timestamp="2025-01-21T14:51:02 CET" skipped="0">
  <testcase classname="com.crm.qa.testcases.LoginPageTest" name="LoginPageTitleTest" time="2.546"/>
  <system-out/>
  <testcase classname="com.crm.qa.testcases.LoginPageTest" name="LoginPageLogotest" time="15.475"/>
  <system-out/>
  <testcase classname="com.crm.qa.testcases.LoginPageTest" name="Login" time="19.699"/>
  <system-out/>
</testsuite> <!-- com.crm.qa.testcases.LoginPageTest -->
