<?xml version="1.0" encoding="UTF-8"?>
<!-- Generated by org.testng.reporters.JUnitReportReporter -->
<testsuite hostname="LAPTOP-6628VBM4" failures="0" tests="2" name="com.crm.qa.testcases.ContactsPageTest" time="57.983" errors="0" timestamp="2025-01-21T14:51:02 CET" skipped="0">
  <testcase classname="com.crm.qa.testcases.ContactsPageTest" name="ValidatecreateContact" time="28.106"/>
  <system-out/>
  <testcase classname="com.crm.qa.testcases.ContactsPageTest" name="ValidatecreateContact" time="29.877"/>
  <system-out/>
</testsuite> <!-- com.crm.qa.testcases.ContactsPageTest -->
