<?xml version="1.0" encoding="UTF-8"?>
<!-- Generated by org.testng.reporters.JUnitReportReporter -->
<testsuite hostname="LAPTOP-6628VBM4" failures="0" tests="3" name="com.crm.qa.testcases.HomePageTest" time="61.716" errors="0" timestamp="2025-01-21T14:51:02 CET" skipped="0">
  <testcase classname="com.crm.qa.testcases.HomePageTest" name="verifyHomePageTitle" time="20.069"/>
  <system-out/>
  <testcase classname="com.crm.qa.testcases.HomePageTest" name="verifyUserNameIsdDisplayed" time="19.899"/>
  <system-out/>
  <testcase classname="com.crm.qa.testcases.HomePageTest" name="verifyContactsLink" time="21.748"/>
  <system-out/>
</testsuite> <!-- com.crm.qa.testcases.HomePageTest -->
