<?xml version="1.0" encoding="UTF-8"?>
<!-- Generated by org.testng.reporters.JUnitReportReporter -->
<testsuite hostname="LAPTOP-6628VBM4" failures="0" tests="3" name="com.crm.qa.testcases.LoginPageTest" time="36.100" errors="0" timestamp="2025-01-21T13:46:15 CET" skipped="0">
  <testcase classname="com.crm.qa.testcases.LoginPageTest" name="LoginPageTitleTest" time="8.765"/>
  <testcase classname="com.crm.qa.testcases.LoginPageTest" name="LoginPageLogotest" time="8.536"/>
  <testcase classname="com.crm.qa.testcases.LoginPageTest" name="Login" time="18.799"/>
</testsuite> <!-- com.crm.qa.testcases.LoginPageTest -->
