<?xml version="1.0" encoding="UTF-8"?>
<!-- Generated by org.testng.reporters.JUnitReportReporter -->
<testsuite hostname="LAPTOP-6628VBM4" failures="0" tests="3" name="com.crm.qa.testcases.HomePageTest" time="60.161" errors="0" timestamp="2025-01-21T13:46:15 CET" skipped="0">
  <testcase classname="com.crm.qa.testcases.HomePageTest" name="verifyHomePageTitle" time="19.261"/>
  <testcase classname="com.crm.qa.testcases.HomePageTest" name="verifyUserNameIsdDisplayed" time="19.349"/>
  <testcase classname="com.crm.qa.testcases.HomePageTest" name="verifyContactsLink" time="21.551"/>
</testsuite> <!-- com.crm.qa.testcases.HomePageTest -->
