<?xml version="1.0" encoding="UTF-8"?>
<!-- Generated by org.testng.reporters.JUnitReportReporter -->
<testsuite hostname="LAPTOP-6628VBM4" failures="0" tests="2" name="com.crm.qa.testcases.ContactsPageTest" time="56.244" errors="0" timestamp="2025-01-19T16:28:04 CET" skipped="0">
  <testcase classname="com.crm.qa.testcases.ContactsPageTest" name="ValidatecreateContact" time="28.276"/>
  <testcase classname="com.crm.qa.testcases.ContactsPageTest" name="ValidatecreateContact" time="27.968"/>
</testsuite> <!-- com.crm.qa.testcases.ContactsPageTest -->
