<?xml version="1.0" encoding="UTF-8"?>
<!-- Generated by org.testng.reporters.JUnitReportReporter -->
<testsuite hostname="LAPTOP-6628VBM4" failures="0" tests="3" name="com.crm.qa.testcases.LoginPageTest" time="35.742" errors="0" timestamp="2025-01-19T16:28:04 CET" skipped="0">
  <testcase classname="com.crm.qa.testcases.LoginPageTest" name="LoginPageTitleTest" time="14.922"/>
  <testcase classname="com.crm.qa.testcases.LoginPageTest" name="LoginPageLogotest" time="2.069"/>
  <testcase classname="com.crm.qa.testcases.LoginPageTest" name="Login" time="18.751"/>
</testsuite> <!-- com.crm.qa.testcases.LoginPageTest -->
