<?xml version="1.0" encoding="UTF-8"?>
<!-- Generated by org.testng.reporters.JUnitReportReporter -->
<testsuite hostname="LAPTOP-6628VBM4" failures="0" tests="3" name="com.crm.qa.testcases.HomePageTest" time="59.813" errors="0" timestamp="2025-01-19T16:28:04 CET" skipped="0">
  <testcase classname="com.crm.qa.testcases.HomePageTest" name="verifyHomePageTitle" time="19.051"/>
  <testcase classname="com.crm.qa.testcases.HomePageTest" name="verifyUserNameIsdDisplayed" time="19.241"/>
  <testcase classname="com.crm.qa.testcases.HomePageTest" name="verifyContactsLink" time="21.521"/>
</testsuite> <!-- com.crm.qa.testcases.HomePageTest -->
